{"level":"info","message":"log❯❯▶ Successfully : Connected to database!"}
{"level":"info","message":"log❯❯▶ Successfully : Connected to database!"}
{"level":"info","message":"log❯❯▶ Successfully : Connected to database!"}
{"level":"info","message":"log❯❯▶ Successfully : Connected to database!"}
{"level":"info","message":"log❯❯▶ Successfully : Connected to database!"}
{"level":"info","message":"log❯❯▶ Successfully : Connected to database!"}
{"level":"info","message":"log❯❯▶ Successfully : Connected to database!"}
{"level":"info","message":"log❯❯▶ Successfully : Connected to database!"}
{"level":"info","message":"log❯❯▶ Successfully : Connected to database!"}
{"level":"info","message":"log❯❯▶ Successfully : Connected to database!"}
{"level":"info","message":"log❯❯▶ Successfully : Connected to database!"}
{"level":"info","message":"log❯❯▶ Successfully : Connected to database!"}
{"level":"info","message":"log❯❯▶ Successfully : Connected to database!"}
{"level":"info","message":"log❯❯▶ Successfully : Connected to database!"}
{"level":"info","message":"log❯❯▶ Successfully : Connected to database!"}
{"level":"info","message":"log❯❯▶ Successfully : Connected to database!"}
{"level":"info","message":"log❯❯▶ Successfully : Connected to database!"}
{"level":"info","message":"log❯❯▶ Successfully : Connected to database!"}
{"level":"info","message":"log❯❯▶ Successfully : Connected to database!"}
{"level":"info","message":"log❯❯▶ Successfully : Connected to database!"}
{"level":"info","message":"log❯❯▶ Successfully : Connected to database!"}
{"level":"info","message":"log❯❯▶ Successfully : Connected to database!"}
{"level":"info","message":"log❯❯▶ Successfully : Connected to database!"}
{"level":"info","message":"log❯❯▶ Successfully : Connected to database!"}
{"level":"error","message":"log❯❯▶ ValidationError: ownerId: Password is a required field"}
{"level":"info","message":"log❯❯▶ Successfully : Connected to database!"}
{"level":"error","message":"log❯❯▶ ValidationError: ownerId: Password is a required field"}
{"level":"info","message":"log❯❯▶ Successfully : Connected to database!"}
{"level":"error","message":"log❯❯▶ ValidationError: ownerId: Password is a required field"}
{"level":"info","message":"log❯❯▶ Successfully : Connected to database!"}
{"level":"error","message":"log❯❯▶ &&&&&&&&&&&&&& :"}
{"level":"error","message":"log❯❯▶ &&&&&&&&&&&&&& :"}
{"level":"info","message":"log❯❯▶ Successfully : Connected to database!"}
{"level":"info","message":"log❯❯▶ Successfully : Connected to database!"}
{"level":"info","message":"log❯❯▶ Successfully : Connected to database!"}
{"level":"info","message":"log❯❯▶ Successfully : Connected to database!"}
{"level":"info","message":"log❯❯▶ Successfully : Connected to database!"}
{"level":"info","message":"log❯❯▶ Successfully : Connected to database!"}
{"level":"info","message":"log❯❯▶ Successfully : Connected to database!"}
{"level":"info","message":"log❯❯▶ Successfully : Connected to database!"}
{"level":"info","message":"log❯❯▶ Successfully : Connected to database!"}
{"level":"info","message":"log❯❯▶ Successfully : Connected to database!"}
{"level":"info","message":"log❯❯▶ Successfully : Connected to database!"}
{"level":"info","message":"log❯❯▶ Successfully : Connected to database!"}
{"level":"info","message":"log❯❯▶ Successfully : Connected to database!"}
{"level":"info","message":"log❯❯▶ Successfully : Connected to database!"}
{"level":"info","message":"log❯❯▶ Successfully : Connected to database!"}
{"level":"info","message":"log❯❯▶ Successfully : Connected to database!"}
{"level":"info","message":"log❯❯▶ Successfully : Connected to database!"}
{"level":"info","message":"log❯❯▶ Successfully : Connected to database!"}
{"level":"info","message":"log❯❯▶ Successfully : Connected to database!"}
{"level":"info","message":"log❯❯▶ Successfully : Connected to database!"}
{"level":"info","message":"log❯❯▶ Successfully : Connected to database!"}
{"level":"info","message":"log❯❯▶ Successfully : Connected to database!"}
{"level":"info","message":"log❯❯▶ Successfully : Connected to database!"}
{"level":"info","message":"log❯❯▶ Successfully : Connected to database!"}
{"level":"info","message":"log❯❯▶ Successfully : Connected to database!"}
{"level":"info","message":"log❯❯▶ Successfully : Connected to database!"}
{"level":"info","message":"log❯❯▶ Successfully : Connected to database!"}
{"level":"info","message":"log❯❯▶ Successfully : Connected to database!"}
{"level":"info","message":"log❯❯▶ Successfully : Connected to database!"}
{"level":"info","message":"log❯❯▶ Successfully : Connected to database!"}
{"level":"info","message":"log❯❯▶ Successfully : Connected to database!"}
{"level":"info","message":"log❯❯▶ Successfully : Connected to database!"}
{"level":"info","message":"log❯❯▶ Successfully : Connected to database!"}
{"level":"info","message":"log❯❯▶ Successfully : Connected to database!"}
{"level":"info","message":"log❯❯▶ Successfully : Connected to database!"}
{"level":"info","message":"log❯❯▶ Successfully : Connected to database!"}
{"level":"info","message":"log❯❯▶ Successfully : Connected to database!"}
{"level":"info","message":"log❯❯▶ Successfully : Connected to database!"}
{"level":"info","message":"log❯❯▶ Successfully : Connected to database!"}
{"level":"info","message":"log❯❯▶ Successfully : Connected to database!"}
{"level":"info","message":"log❯❯▶ Successfully : Connected to database!"}
{"level":"info","message":"log❯❯▶ Successfully : Connected to database!"}
{"level":"info","message":"log❯❯▶ Successfully : Connected to database!"}
{"level":"info","message":"log❯❯▶ Successfully : Connected to database!"}
{"level":"info","message":"log❯❯▶ Successfully : Connected to database!"}
{"level":"info","message":"log❯❯▶ Successfully : Connected to database!"}
{"level":"info","message":"log❯❯▶ Successfully : Connected to database!"}
{"level":"info","message":"log❯❯▶ Successfully : Connected to database!"}
{"level":"info","message":"log❯❯▶ Successfully : Connected to database!"}
{"level":"info","message":"log❯❯▶ Successfully : Connected to database!"}
{"level":"error","message":"log❯❯▶ ReferenceError: _id is not defined"}
{"level":"error","message":"log❯❯▶ ReferenceError: _id is not defined"}
{"level":"error","message":"log❯❯▶ ReferenceError: _id is not defined"}
{"level":"error","message":"log❯❯▶ ReferenceError: _id is not defined"}
{"level":"info","message":"log❯❯▶ Successfully : Connected to database!"}
{"level":"info","message":"log❯❯▶ Successfully : Connected to database!"}
{"level":"error","message":"log❯❯▶ ReferenceError: _id is not defined"}
{"level":"info","message":"log❯❯▶ Successfully : Connected to database!"}
{"level":"error","message":"log❯❯▶ ReferenceError: _id is not defined"}
{"level":"error","message":"log❯❯▶ ReferenceError: _id is not defined"}
{"level":"error","message":"log❯❯▶ ReferenceError: _id is not defined"}
{"level":"info","message":"log❯❯▶ Successfully : Connected to database!"}
{"level":"info","message":"log❯❯▶ Successfully : Connected to database!"}
{"level":"info","message":"log❯❯▶ Successfully : Connected to database!"}
{"level":"info","message":"log❯❯▶ Successfully : Connected to database!"}
{"level":"error","message":"log❯❯▶ CastError: Cast to ObjectId failed for value \"undefined\" (type string) at path \"_id\" for model \"session\""}
{"level":"error","message":"log❯❯▶ CastError: Cast to ObjectId failed for value \"undefined\" (type string) at path \"_id\" for model \"session\""}
{"level":"error","message":"log❯❯▶ CastError: Cast to ObjectId failed for value \"undefined\" (type string) at path \"_id\" for model \"session\""}
{"level":"error","message":"log❯❯▶ CastError: Cast to ObjectId failed for value \"undefined\" (type string) at path \"_id\" for model \"session\""}
{"level":"error","message":"log❯❯▶ CastError: Cast to ObjectId failed for value \"undefined\" (type string) at path \"_id\" for model \"session\""}
{"level":"error","message":"log❯❯▶ CastError: Cast to ObjectId failed for value \"undefined\" (type string) at path \"_id\" for model \"session\""}
{"level":"error","message":"log❯❯▶ CastError: Cast to ObjectId failed for value \"undefined\" (type string) at path \"_id\" for model \"session\""}
{"level":"error","message":"log❯❯▶ CastError: Cast to ObjectId failed for value \"undefined\" (type string) at path \"_id\" for model \"session\""}
{"level":"error","message":"log❯❯▶ CastError: Cast to ObjectId failed for value \"undefined\" (type string) at path \"_id\" for model \"session\""}
{"level":"error","message":"log❯❯▶ CastError: Cast to ObjectId failed for value \"undefined\" (type string) at path \"_id\" for model \"session\""}
{"level":"error","message":"log❯❯▶ CastError: Cast to ObjectId failed for value \"undefined\" (type string) at path \"_id\" for model \"session\""}
{"level":"error","message":"log❯❯▶ CastError: Cast to ObjectId failed for value \"undefined\" (type string) at path \"_id\" for model \"session\""}
{"level":"error","message":"log❯❯▶ CastError: Cast to ObjectId failed for value \"undefined\" (type string) at path \"_id\" for model \"session\""}
{"level":"error","message":"log❯❯▶ CastError: Cast to ObjectId failed for value \"undefined\" (type string) at path \"_id\" for model \"session\""}
{"level":"error","message":"log❯❯▶ CastError: Cast to ObjectId failed for value \"undefined\" (type string) at path \"_id\" for model \"session\""}
{"level":"error","message":"log❯❯▶ CastError: Cast to ObjectId failed for value \"undefined\" (type string) at path \"_id\" for model \"session\""}
{"level":"error","message":"log❯❯▶ CastError: Cast to ObjectId failed for value \"undefined\" (type string) at path \"_id\" for model \"session\""}
{"level":"error","message":"log❯❯▶ CastError: Cast to ObjectId failed for value \"undefined\" (type string) at path \"_id\" for model \"session\""}
{"level":"error","message":"log❯❯▶ CastError: Cast to ObjectId failed for value \"undefined\" (type string) at path \"_id\" for model \"session\""}
{"level":"error","message":"log❯❯▶ CastError: Cast to ObjectId failed for value \"undefined\" (type string) at path \"_id\" for model \"session\""}
{"level":"error","message":"log❯❯▶ CastError: Cast to ObjectId failed for value \"undefined\" (type string) at path \"_id\" for model \"session\""}
{"level":"error","message":"log❯❯▶ CastError: Cast to ObjectId failed for value \"undefined\" (type string) at path \"_id\" for model \"session\""}
{"level":"error","message":"log❯❯▶ CastError: Cast to ObjectId failed for value \"undefined\" (type string) at path \"_id\" for model \"session\""}
{"level":"error","message":"log❯❯▶ CastError: Cast to ObjectId failed for value \"undefined\" (type string) at path \"_id\" for model \"session\""}
{"level":"info","message":"log❯❯▶ Successfully : Connected to database!"}
{"level":"error","message":"log❯❯▶ CastError: Cast to ObjectId failed for value \"undefined\" (type string) at path \"_id\" for model \"session\""}
{"level":"error","message":"log❯❯▶ CastError: Cast to ObjectId failed for value \"undefined\" (type string) at path \"_id\" for model \"session\""}
{"level":"info","message":"log❯❯▶ Successfully : Connected to database!"}
{"level":"error","message":"log❯❯▶ CastError: Cast to ObjectId failed for value \"undefined\" (type string) at path \"_id\" for model \"session\""}
{"level":"error","message":"log❯❯▶ CastError: Cast to ObjectId failed for value \"undefined\" (type string) at path \"_id\" for model \"session\""}
{"level":"error","message":"log❯❯▶ CastError: Cast to ObjectId failed for value \"undefined\" (type string) at path \"_id\" for model \"session\""}
{"level":"error","message":"log❯❯▶ CastError: Cast to ObjectId failed for value \"undefined\" (type string) at path \"_id\" for model \"session\""}
{"level":"info","message":"log❯❯▶ Successfully : Connected to database!"}
{"level":"error","message":"log❯❯▶ CastError: Cast to ObjectId failed for value \"undefined\" (type string) at path \"_id\" for model \"session\""}
{"level":"error","message":"log❯❯▶ CastError: Cast to ObjectId failed for value \"undefined\" (type string) at path \"_id\" for model \"session\""}
{"level":"error","message":"log❯❯▶ CastError: Cast to ObjectId failed for value \"undefined\" (type string) at path \"_id\" for model \"session\""}
{"level":"error","message":"log❯❯▶ CastError: Cast to ObjectId failed for value \"undefined\" (type string) at path \"_id\" for model \"session\""}
{"level":"error","message":"log❯❯▶ CastError: Cast to ObjectId failed for value \"undefined\" (type string) at path \"_id\" for model \"session\""}
{"level":"error","message":"log❯❯▶ CastError: Cast to ObjectId failed for value \"undefined\" (type string) at path \"_id\" for model \"session\""}
{"level":"error","message":"log❯❯▶ CastError: Cast to ObjectId failed for value \"undefined\" (type string) at path \"_id\" for model \"session\""}
{"level":"error","message":"log❯❯▶ CastError: Cast to ObjectId failed for value \"undefined\" (type string) at path \"_id\" for model \"session\""}
{"level":"error","message":"log❯❯▶ CastError: Cast to ObjectId failed for value \"undefined\" (type string) at path \"_id\" for model \"session\""}
{"level":"error","message":"log❯❯▶ CastError: Cast to ObjectId failed for value \"undefined\" (type string) at path \"_id\" for model \"session\""}
{"level":"error","message":"log❯❯▶ CastError: Cast to ObjectId failed for value \"undefined\" (type string) at path \"_id\" for model \"session\""}
{"level":"error","message":"log❯❯▶ CastError: Cast to ObjectId failed for value \"undefined\" (type string) at path \"_id\" for model \"session\""}
{"level":"error","message":"log❯❯▶ CastError: Cast to ObjectId failed for value \"undefined\" (type string) at path \"_id\" for model \"session\""}
{"level":"error","message":"log❯❯▶ CastError: Cast to ObjectId failed for value \"undefined\" (type string) at path \"_id\" for model \"session\""}
{"level":"error","message":"log❯❯▶ CastError: Cast to ObjectId failed for value \"undefined\" (type string) at path \"_id\" for model \"session\""}
{"level":"error","message":"log❯❯▶ CastError: Cast to ObjectId failed for value \"undefined\" (type string) at path \"_id\" for model \"session\""}
{"level":"error","message":"log❯❯▶ CastError: Cast to ObjectId failed for value \"undefined\" (type string) at path \"_id\" for model \"session\""}
{"level":"info","message":"log❯❯▶ Successfully : Connected to database!"}
{"level":"info","message":"log❯❯▶ Successfully : Connected to database!"}
{"level":"info","message":"log❯❯▶ Successfully : Connected to database!"}
{"level":"info","message":"log❯❯▶ Successfully : Connected to database!"}
{"level":"info","message":"log❯❯▶ Successfully : Connected to database!"}
{"level":"info","message":"log❯❯▶ Successfully : Connected to database!"}
{"level":"info","message":"log❯❯▶ Successfully : Connected to database!"}
{"level":"info","message":"log❯❯▶ Successfully : Connected to database!"}
{"level":"info","message":"log❯❯▶ Successfully : Connected to database!"}
{"level":"info","message":"log❯❯▶ Successfully : Connected to database!"}
{"level":"info","message":"log❯❯▶ Successfully : Connected to database!"}
{"level":"info","message":"log❯❯▶ Successfully : Connected to database!"}
{"level":"info","message":"log❯❯▶ Successfully : Connected to database!"}
{"level":"info","message":"log❯❯▶ Successfully : Connected to database!"}
{"level":"info","message":"log❯❯▶ Successfully : Connected to database!"}
{"level":"info","message":"log❯❯▶ Successfully : Connected to database!"}
{"level":"info","message":"log❯❯▶ Successfully : Connected to database!"}
{"level":"info","message":"log❯❯▶ Successfully : Connected to database!"}
{"level":"info","message":"log❯❯▶ Successfully : Connected to database!"}
{"level":"info","message":"log❯❯▶ Successfully : Connected to database!"}
{"level":"info","message":"log❯❯▶ Successfully : Connected to database!"}
{"level":"info","message":"log❯❯▶ Successfully : Connected to database!"}
{"level":"info","message":"log❯❯▶ Successfully : Connected to database!"}
{"level":"info","message":"log❯❯▶ Successfully : Connected to database!"}
{"level":"info","message":"log❯❯▶ Successfully : Connected to database!"}
{"level":"info","message":"log❯❯▶ Successfully : Connected to database!"}
{"level":"info","message":"log❯❯▶ Successfully : Connected to database!"}
{"level":"info","message":"log❯❯▶ Successfully : Connected to database!"}
{"level":"info","message":"log❯❯▶ Successfully : Connected to database!"}
{"level":"info","message":"log❯❯▶ Successfully : Connected to database!"}
{"level":"info","message":"log❯❯▶ Successfully : Connected to database!"}
{"level":"info","message":"log❯❯▶ Successfully : Connected to database!"}
{"level":"info","message":"log❯❯▶ Successfully : Connected to database!"}
{"level":"info","message":"log❯❯▶ Successfully : Connected to database!"}
{"level":"info","message":"log❯❯▶ Successfully : Connected to database!"}
{"level":"info","message":"log❯❯▶ Successfully : Connected to database!"}
{"level":"info","message":"log❯❯▶ Successfully : Connected to database!"}
{"level":"info","message":"log❯❯▶ Successfully : Connected to database!"}
{"level":"info","message":"log❯❯▶ Successfully : Connected to database!"}
{"level":"info","message":"log❯❯▶ Successfully : Connected to database!"}
{"level":"info","message":"log❯❯▶ Successfully : Connected to database!"}
{"level":"info","message":"log❯❯▶ Successfully : Connected to database!"}
{"level":"info","message":"log❯❯▶ Successfully : Connected to database!"}
{"level":"info","message":"log❯❯▶ Successfully : Connected to database!"}
{"level":"info","message":"log❯❯▶ Successfully : Connected to database!"}
{"level":"info","message":"log❯❯▶ Successfully : Connected to database!"}
{"level":"info","message":"log❯❯▶ Successfully : Connected to database!"}
{"level":"info","message":"log❯❯▶ Successfully : Connected to database!"}
{"level":"info","message":"log❯❯▶ Successfully : Connected to database!"}
{"level":"info","message":"log❯❯▶ Successfully : Connected to database!"}
{"level":"info","message":"log❯❯▶ Successfully : Connected to database!"}
{"level":"info","message":"log❯❯▶ Successfully : Connected to database!"}
{"level":"info","message":"log❯❯▶ Successfully : Connected to database!"}
{"level":"info","message":"log❯❯▶ Successfully : Connected to database!"}
{"level":"info","message":"log❯❯▶ Successfully : Connected to database!"}
{"level":"info","message":"log❯❯▶ Successfully : Connected to database!"}
{"level":"info","message":"log❯❯▶ Successfully : Connected to database!"}
{"level":"info","message":"log❯❯▶ Successfully : Connected to database!"}
{"level":"info","message":"log❯❯▶ Successfully : Connected to database!"}
