{"level":"info","message":"log❯❯▶ Successfully : Connected to database!"}
{"level":"info","message":"log❯❯▶ Successfully : Connected to database!"}
{"level":"info","message":"log❯❯▶ Successfully : Connected to database!"}
{"level":"error","message":"log❯❯▶ CastError: Cast to string failed for value \"{}\" (type Object) at path \"deviceAgent\" for model \"session\""}
{"level":"error","message":"log❯❯▶ CastError: Cast to string failed for value \"{ a: 'b' }\" (type Object) at path \"deviceAgent\" for model \"session\""}
{"level":"info","message":"log❯❯▶ Successfully : Connected to database!"}
{"level":"error","message":"log❯❯▶ TypeError: Cannot read property 'createReadStream' of undefined"}
{"level":"info","message":"log❯❯▶ Successfully : Connected to database!"}
{"level":"info","message":"log❯❯▶ Successfully : Connected to database!"}
{"level":"info","message":"log❯❯▶ Successfully : Connected to database!"}
{"level":"info","message":"log❯❯▶ Successfully : Connected to database!"}
{"level":"info","message":"log❯❯▶ Successfully : Connected to database!"}
{"level":"info","message":"log❯❯▶ Successfully : Connected to database!"}
{"level":"info","message":"log❯❯▶ Successfully : Connected to database!"}
{"level":"info","message":"log❯❯▶ Successfully : Connected to database!"}
{"level":"info","message":"log❯❯▶ Successfully : Connected to database!"}
{"level":"info","message":"log❯❯▶ Successfully : Connected to database!"}
{"level":"error","message":"log❯❯▶ ReferenceError: headers is not defined"}
{"level":"info","message":"log❯❯▶ Successfully : Connected to database!"}
{"level":"error","message":"log❯❯▶ ReferenceError: headers is not defined"}
{"level":"info","message":"log❯❯▶ Successfully : Connected to database!"}
{"level":"info","message":"log❯❯▶ Successfully : Connected to database!"}
{"level":"info","message":"log❯❯▶ Successfully : Connected to database!"}
{"level":"info","message":"log❯❯▶ Successfully : Connected to database!"}
{"level":"info","message":"log❯❯▶ Successfully : Connected to database!"}
{"level":"info","message":"log❯❯▶ Successfully : Connected to database!"}
{"level":"info","message":"log❯❯▶ Successfully : Connected to database!"}
{"level":"error","message":"log❯❯▶ ReferenceError: headers is not defined"}
{"level":"info","message":"log❯❯▶ Successfully : Connected to database!"}
{"level":"error","message":"log❯❯▶ ReferenceError: headers is not defined"}
{"level":"info","message":"log❯❯▶ Successfully : Connected to database!"}
{"level":"error","message":"log❯❯▶ ReferenceError: headers is not defined"}
{"level":"info","message":"log❯❯▶ Successfully : Connected to database!"}
{"level":"info","message":"log❯❯▶ Successfully : Connected to database!"}
{"level":"error","message":"log❯❯▶ ReferenceError: headers is not defined"}
{"level":"info","message":"log❯❯▶ Successfully : Connected to database!"}
{"level":"error","message":"log❯❯▶ ReferenceError: headers is not defined"}
{"level":"info","message":"log❯❯▶ Successfully : Connected to database!"}
{"level":"error","message":"log❯❯▶ ReferenceError: headers is not defined"}
{"level":"info","message":"log❯❯▶ Successfully : Connected to database!"}
{"level":"info","message":"log❯❯▶ Successfully : Connected to database!"}
{"level":"info","message":"log❯❯▶ Successfully : Connected to database!"}
{"level":"info","message":"log❯❯▶ Successfully : Connected to database!"}
{"level":"info","message":"log❯❯▶ Successfully : Connected to database!"}
{"level":"info","message":"log❯❯▶ Successfully : Connected to database!"}
{"level":"info","message":"log❯❯▶ Successfully : Connected to database!"}
{"level":"info","message":"log❯❯▶ Successfully : Connected to database!"}
{"level":"info","message":"log❯❯▶ Successfully : Connected to database!"}
{"level":"info","message":"log❯❯▶ Successfully : Connected to database!"}
{"level":"info","message":"log❯❯▶ Successfully : Connected to database!"}
{"level":"info","message":"log❯❯▶ Successfully : Connected to database!"}
{"level":"error","message":"log❯❯▶ TypeError: Cannot read property 'roles' of null"}
{"level":"info","message":"log❯❯▶ Successfully : Connected to database!"}
{"level":"info","message":"log❯❯▶ Successfully : Connected to database!"}
{"level":"info","message":"log❯❯▶ Successfully : Connected to database!"}
{"level":"info","message":"log❯❯▶ Successfully : Connected to database!"}
{"level":"info","message":"log❯❯▶ Successfully : Connected to database!"}
{"level":"info","message":"log❯❯▶ Successfully : Connected to database!"}
{"level":"info","message":"log❯❯▶ Successfully : Connected to database!"}
